<?xml version="1.0" encoding="UTF-8"?>
<robot generator="Robot 7.3 (Python 3.12.10 on win32)" generated="2025-07-07T00:34:51.402399" rpa="false" schemaversion="5">
<suite id="s1" name="Dialogs" source="C:\Users\jim96\Desktop\explore-libraries\tests\Dialogs.robot">
<test id="s1-t1" name="Variable Should Be Increase By One" line="41">
<kw name="Set Suite Variable" owner="BuiltIn">
<msg time="2025-07-07T00:34:51.544227" level="INFO">${PREVIOUS_ROW_COUNT} = 5</msg>
<arg>${PREVIOUS_ROW_COUNT}</arg>
<arg>5</arg>
<doc>Makes a variable available everywhere within the scope of the current suite.</doc>
<status status="PASS" start="2025-07-07T00:34:51.544227" elapsed="0.000000"/>
</kw>
<kw name="Log To Console" owner="BuiltIn">
<arg>${PREVIOUS_ROW_COUNT}</arg>
<doc>Logs the given message to the console.</doc>
<status status="PASS" start="2025-07-07T00:34:51.544227" elapsed="0.000000"/>
</kw>
<kw name="Evaluate" owner="BuiltIn">
<msg time="2025-07-07T00:34:51.544227" level="INFO">${new} = 6</msg>
<var>${new}</var>
<arg>${PREVIOUS_ROW_COUNT} + 1</arg>
<doc>Evaluates the given expression in Python and returns the result.</doc>
<status status="PASS" start="2025-07-07T00:34:51.544227" elapsed="0.000000"/>
</kw>
<kw name="Log To Console" owner="BuiltIn">
<arg>${new}</arg>
<doc>Logs the given message to the console.</doc>
<status status="PASS" start="2025-07-07T00:34:51.544227" elapsed="0.000000"/>
</kw>
<kw name="Should Be Equal As Numbers" owner="BuiltIn">
<msg time="2025-07-07T00:34:51.544227" level="INFO">Argument types are:
&lt;class 'int'&gt;
&lt;class 'str'&gt;</msg>
<arg>${new}</arg>
<arg>6</arg>
<doc>Fails if objects are unequal after converting them to real numbers.</doc>
<status status="PASS" start="2025-07-07T00:34:51.544227" elapsed="0.000000"/>
</kw>
<status status="PASS" start="2025-07-07T00:34:51.544227" elapsed="0.000000"/>
</test>
<test id="s1-t2" name="Check None" line="48">
<kw name="Set Variable" owner="BuiltIn">
<msg time="2025-07-07T00:34:51.560091" level="INFO">${fuck} = None</msg>
<var>${fuck}</var>
<arg>${None}</arg>
<doc>Returns the given values which can then be assigned to a variables.</doc>
<status status="PASS" start="2025-07-07T00:34:51.560091" elapsed="0.000000"/>
</kw>
<kw name="Log To Console" owner="BuiltIn">
<arg>${fuck}</arg>
<doc>Logs the given message to the console.</doc>
<status status="PASS" start="2025-07-07T00:34:51.560091" elapsed="0.000000"/>
</kw>
<kw name="Log To Console" owner="BuiltIn">
<arg>${hello}</arg>
<doc>Logs the given message to the console.</doc>
<status status="PASS" start="2025-07-07T00:34:51.560091" elapsed="0.000000"/>
</kw>
<status status="PASS" start="2025-07-07T00:34:51.544227" elapsed="0.015864"/>
</test>
<doc>These are some web tests</doc>
<status status="PASS" start="2025-07-07T00:34:51.402399" elapsed="0.157692"/>
</suite>
<statistics>
<total>
<stat pass="2" fail="0" skip="0">All Tests</stat>
</total>
<tag>
</tag>
<suite>
<stat name="Dialogs" id="s1" pass="2" fail="0" skip="0">Dialogs</stat>
</suite>
</statistics>
<errors>
</errors>
</robot>
