<?xml version="1.0" encoding="UTF-8"?>
<robot generator="Robot 7.3 (Python 3.12.10 on win32)" generated="2025-07-05T22:04:55.130085" rpa="false" schemaversion="5">
<suite id="s1" name="Hello" source="E:\robot_project\L1\tests\hello.robot">
<test id="s1-t1" name="Should be able to add new customer" line="16">
<kw name="Initialize Selenuim" owner="Common">
<kw name="Set Selenium Speed" owner="SeleniumLibrary">
<arg>.1s</arg>
<doc>Sets the delay that is waited after each Selenium command.</doc>
<status status="PASS" start="2025-07-05T22:04:55.260167" elapsed="0.000000"/>
</kw>
<kw name="Set Selenium Timeout" owner="SeleniumLibrary">
<arg>5s</arg>
<doc>Sets the timeout that is used by various keywords.</doc>
<status status="PASS" start="2025-07-05T22:04:55.260167" elapsed="0.000995"/>
</kw>
<status status="PASS" start="2025-07-05T22:04:55.260167" elapsed="0.000995"/>
</kw>
<kw name="Open CRM" owner="Web">
<kw name="Open Browser" owner="SeleniumLibrary">
<msg time="2025-07-05T22:04:55.261162" level="INFO">Opening browser 'edge' to base url 'https://automationplayground.com/crm/'.</msg>
<arg>https://automationplayground.com/crm/</arg>
<arg>edge</arg>
<doc>Opens a new browser instance to the optional ``url``.</doc>
<status status="PASS" start="2025-07-05T22:04:55.261162" elapsed="1.984431"/>
</kw>
<kw name="Page Should Contain" owner="SeleniumLibrary">
<msg time="2025-07-05T22:04:57.453518" level="INFO">Current page contains text 'Customers Are Priority One'.</msg>
<arg>Customers Are Priority One</arg>
<doc>Verifies that current page contains ``text``.</doc>
<status status="PASS" start="2025-07-05T22:04:57.245593" elapsed="0.207925"/>
</kw>
<status status="PASS" start="2025-07-05T22:04:55.261162" elapsed="2.192356"/>
</kw>
<kw name="Sign In" owner="Web">
<kw name="Click Link" owner="SeleniumLibrary">
<msg time="2025-07-05T22:04:57.454537" level="INFO">Clicking link 'Sign In'.</msg>
<arg>Sign In</arg>
<doc>Clicks a link identified by ``locator``.</doc>
<status status="PASS" start="2025-07-05T22:04:57.453518" elapsed="0.412782"/>
</kw>
<kw name="Input Text" owner="SeleniumLibrary">
<msg time="2025-07-05T22:04:57.866300" level="INFO">Typing text 'admin@robotframe.com' into text field 'id=email-id'.</msg>
<arg>id=email-id</arg>
<arg>admin@robotframe.com</arg>
<doc>Types the given ``text`` into the text field identified by ``locator``.</doc>
<status status="PASS" start="2025-07-05T22:04:57.866300" elapsed="0.356555"/>
</kw>
<kw name="Input Text" owner="SeleniumLibrary">
<msg time="2025-07-05T22:04:58.222855" level="INFO">Typing text 'qwerty' into text field 'id=password'.</msg>
<arg>id=password</arg>
<arg>qwerty</arg>
<doc>Types the given ``text`` into the text field identified by ``locator``.</doc>
<status status="PASS" start="2025-07-05T22:04:58.222855" elapsed="0.343905"/>
</kw>
<kw name="Click Button" owner="SeleniumLibrary">
<msg time="2025-07-05T22:04:58.566760" level="INFO">Clicking button 'id:submit-id'.</msg>
<arg>id:submit-id</arg>
<doc>Clicks the button identified by ``locator``.</doc>
<status status="PASS" start="2025-07-05T22:04:58.566760" elapsed="0.547724"/>
</kw>
<kw name="Click Link" owner="SeleniumLibrary">
<msg time="2025-07-05T22:04:59.114484" level="INFO">Clicking link 'id:new-customer'.</msg>
<arg>id:new-customer</arg>
<doc>Clicks a link identified by ``locator``.</doc>
<status status="PASS" start="2025-07-05T22:04:59.114484" elapsed="0.557755"/>
</kw>
<kw name="Input Text" owner="SeleniumLibrary">
<msg time="2025-07-05T22:04:59.672239" level="INFO">Typing text 'helloworld@gmail.com' into text field 'id=EmailAddress'.</msg>
<arg>id=EmailAddress</arg>
<arg>helloworld@gmail.com</arg>
<doc>Types the given ``text`` into the text field identified by ``locator``.</doc>
<status status="PASS" start="2025-07-05T22:04:59.672239" elapsed="0.345570"/>
</kw>
<kw name="Input Text" owner="SeleniumLibrary">
<msg time="2025-07-05T22:05:00.017809" level="INFO">Typing text 'Hello' into text field 'id=FirstName'.</msg>
<arg>id=FirstName</arg>
<arg>Hello</arg>
<doc>Types the given ``text`` into the text field identified by ``locator``.</doc>
<status status="PASS" start="2025-07-05T22:05:00.017809" elapsed="0.342307"/>
</kw>
<kw name="Input Text" owner="SeleniumLibrary">
<msg time="2025-07-05T22:05:00.360116" level="INFO">Typing text 'World' into text field 'id=LastName'.</msg>
<arg>id=LastName</arg>
<arg>World</arg>
<doc>Types the given ``text`` into the text field identified by ``locator``.</doc>
<status status="PASS" start="2025-07-05T22:05:00.360116" elapsed="0.342768"/>
</kw>
<kw name="Input Text" owner="SeleniumLibrary">
<msg time="2025-07-05T22:05:00.702884" level="INFO">Typing text 'Detroit' into text field 'id=City'.</msg>
<arg>id=City</arg>
<arg>Detroit</arg>
<doc>Types the given ``text`` into the text field identified by ``locator``.</doc>
<status status="PASS" start="2025-07-05T22:05:00.702884" elapsed="0.342340"/>
</kw>
<kw name="Select From List By Value" owner="SeleniumLibrary">
<msg time="2025-07-05T22:05:01.045224" level="INFO">Selecting options from selection list 'id=StateOrRegion' by value MI.</msg>
<arg>id=StateOrRegion</arg>
<arg>MI</arg>
<doc>Selects options from selection list ``locator`` by ``values``.</doc>
<status status="PASS" start="2025-07-05T22:05:01.045224" elapsed="0.848592"/>
</kw>
<kw name="Select Radio Button" owner="SeleniumLibrary">
<msg time="2025-07-05T22:05:01.893816" level="INFO">Selecting 'male' from radio button 'gender'.</msg>
<arg>gender</arg>
<arg>male</arg>
<doc>Sets the radio button group ``group_name`` to ``value``.</doc>
<status status="PASS" start="2025-07-05T22:05:01.893816" elapsed="0.333856"/>
</kw>
<kw name="Select Checkbox" owner="SeleniumLibrary">
<msg time="2025-07-05T22:05:02.227672" level="INFO">Selecting checkbox 'name=promos-name'.</msg>
<arg>name=promos-name</arg>
<doc>Selects the checkbox identified by ``locator``.</doc>
<status status="PASS" start="2025-07-05T22:05:02.227672" elapsed="0.574266"/>
</kw>
<kw name="Click Button" owner="SeleniumLibrary">
<msg time="2025-07-05T22:05:02.801938" level="INFO">Clicking button 'Submit'.</msg>
<arg>Submit</arg>
<doc>Clicks the button identified by ``locator``.</doc>
<status status="PASS" start="2025-07-05T22:05:02.801938" elapsed="0.517954"/>
</kw>
<kw name="Wait Until Page Contains" owner="SeleniumLibrary">
<arg>Success!</arg>
<doc>Waits until ``text`` appears on the current page.</doc>
<status status="PASS" start="2025-07-05T22:05:03.319892" elapsed="0.106995"/>
</kw>
<kw name="Log" owner="BuiltIn">
<msg time="2025-07-05T22:05:03.426887" level="INFO">hello world!</msg>
<arg>hello world!</arg>
<doc>Logs the given message with the given level.</doc>
<status status="PASS" start="2025-07-05T22:05:03.426887" elapsed="0.000000"/>
</kw>
<status status="PASS" start="2025-07-05T22:04:57.453518" elapsed="5.973369"/>
</kw>
<kw name="End Web Test" owner="Common">
<kw name="Sleep" owner="BuiltIn">
<msg time="2025-07-05T22:05:06.428546" level="INFO">Slept 3 seconds.</msg>
<arg>3s</arg>
<doc>Pauses the test executed for the given time.</doc>
<status status="PASS" start="2025-07-05T22:05:03.427914" elapsed="3.000632"/>
</kw>
<kw name="Close Window" owner="SeleniumLibrary">
<doc>Closes currently opened and selected browser window/tab.</doc>
<status status="PASS" start="2025-07-05T22:05:06.428546" elapsed="0.242589"/>
</kw>
<kw name="Log" owner="BuiltIn">
<msg time="2025-07-05T22:05:06.671135" level="INFO">hello world</msg>
<arg>${website url}</arg>
<doc>Logs the given message with the given level.</doc>
<status status="PASS" start="2025-07-05T22:05:06.671135" elapsed="0.000000"/>
</kw>
<status status="PASS" start="2025-07-05T22:05:03.427914" elapsed="3.243221"/>
</kw>
<doc>This is some basic info about the Test</doc>
<tag>101</tag>
<tag>Smoke</tag>
<status status="PASS" start="2025-07-05T22:04:55.259163" elapsed="11.411972"/>
</test>
<test id="s1-t2" name="Set Variables Testing" line="24">
<kw name="Set Variable" owner="BuiltIn">
<msg time="2025-07-05T22:05:06.672138" level="INFO">${website url} = fuck u</msg>
<var>${website url}</var>
<arg>fuck u</arg>
<doc>Returns the given values which can then be assigned to a variables.</doc>
<status status="PASS" start="2025-07-05T22:05:06.672138" elapsed="0.003000"/>
</kw>
<kw name="Create List" owner="BuiltIn">
<msg time="2025-07-05T22:05:06.676138" level="INFO">@{browser} = [ fuck u | ie | chrome ]</msg>
<var>@{browser}</var>
<arg>fuck u</arg>
<arg>ie</arg>
<arg>chrome</arg>
<doc>Returns a list containing given items.</doc>
<status status="PASS" start="2025-07-05T22:05:06.676138" elapsed="0.000000"/>
</kw>
<kw name="Log" owner="BuiltIn">
<msg time="2025-07-05T22:05:06.676138" level="INFO">fuck u</msg>
<arg>${website url}</arg>
<doc>Logs the given message with the given level.</doc>
<status status="PASS" start="2025-07-05T22:05:06.676138" elapsed="0.000000"/>
</kw>
<kw name="Log" owner="BuiltIn">
<msg time="2025-07-05T22:05:06.676138" level="INFO">chrome</msg>
<arg>${browser}[2]</arg>
<doc>Logs the given message with the given level.</doc>
<status status="PASS" start="2025-07-05T22:05:06.676138" elapsed="0.000000"/>
</kw>
<status status="PASS" start="2025-07-05T22:05:06.672138" elapsed="0.004000"/>
</test>
<test id="s1-t3" name="Variables Testing" line="31">
<kw name="Log" owner="BuiltIn">
<msg time="2025-07-05T22:05:06.677139" level="INFO">hello world</msg>
<arg>${website url}</arg>
<doc>Logs the given message with the given level.</doc>
<status status="PASS" start="2025-07-05T22:05:06.677139" elapsed="0.000000"/>
</kw>
<kw name="Log" owner="BuiltIn">
<msg time="2025-07-05T22:05:06.677139" level="INFO">fuck u</msg>
<arg>${browser}[2]</arg>
<doc>Logs the given message with the given level.</doc>
<status status="PASS" start="2025-07-05T22:05:06.677139" elapsed="0.000000"/>
</kw>
<status status="PASS" start="2025-07-05T22:05:06.676138" elapsed="0.001001"/>
</test>
<doc>This is some basic info about the whole sutie</doc>
<status status="PASS" start="2025-07-05T22:04:55.131085" elapsed="11.546054"/>
</suite>
<statistics>
<total>
<stat pass="3" fail="0" skip="0">All Tests</stat>
</total>
<tag>
<stat pass="1" fail="0" skip="0">101</stat>
<stat pass="1" fail="0" skip="0">Smoke</stat>
</tag>
<suite>
<stat name="Hello" id="s1" pass="3" fail="0" skip="0">Hello</stat>
</suite>
</statistics>
<errors>
</errors>
</robot>
